<?xml version="1.0" encoding="UTF-8"?>
<!-- Generated by org.testng.reporters.JUnitReportReporter -->
<testsuite skipped="0" hostname="DESKTOP-5DO5II5" name="frameworkDesgin.TestCases.TC003_PostEmployeeData" tests="2" failures="0" timestamp="2022-10-05T10:15:46 IST" time="0.006" errors="0">
  <testcase name="valiateResponseBody" time="0.003" classname="frameworkDesgin.TestCases.TC003_PostEmployeeData"/>
  <system-out/>
  <testcase name="getSatusCode" time="0.003" classname="frameworkDesgin.TestCases.TC003_PostEmployeeData"/>
  <system-out/>
</testsuite> <!-- frameworkDesgin.TestCases.TC003_PostEmployeeData -->
