<?xml version="1.0" encoding="UTF-8"?>
<!-- Generated by org.testng.reporters.JUnitReportReporter -->
<testsuite skipped="0" hostname="DESKTOP-5DO5II5" name="frameworkDesgin.TestCases.TC001_GetAllDetails" tests="1" failures="0" timestamp="2022-10-05T10:15:46 IST" time="0.015" errors="0">
  <testcase name="verifyStatusCode" time="0.015" classname="frameworkDesgin.TestCases.TC001_GetAllDetails"/>
  <system-out/>
</testsuite> <!-- frameworkDesgin.TestCases.TC001_GetAllDetails -->
